<?xml version="1.0" encoding="UTF-8"?>
<!-- Generated by org.testng.reporters.JUnitXMLReporter -->
<testsuite hostname="Saumya-PC" ignored="0" name="GPS Test Automation Test Cases" tests="7" failures="0" timestamp="24 Jul 2019 06:42:33 GMT" time="85.805" errors="0">
  <testcase name="loginTest" time="5.515" classname="com.gps.qa.testcases.LoginPageTest"/>
  <testcase name="titleValidationTest" time="0.03" classname="com.gps.qa.testcases.GoalPageTest"/>
  <testcase name="goalCheckTest" time="0.147" classname="com.gps.qa.testcases.GoalPageTest"/>
  <testcase name="updateGoalTest" time="0.165" classname="com.gps.qa.testcases.GoalPageTest"/>
  <testcase name="userTest" time="0.2" classname="com.gps.qa.testcases.GoalPageTest"/>
  <testcase name="addingGoalTest" time="0.531" classname="com.gps.qa.testcases.GoalPageTest"/>
  <testcase name="addingGoalTest" time="0.873" classname="com.gps.qa.testcases.GoalPageTest"/>
</testsuite> <!-- GPS Test Automation Test Cases -->
